<?xml version="1.0" encoding="UTF-8" ?>
<testsuite errors="0" failures="4" hostname="Abyx" name="msgtypeid.MsgTypeIdentifierWSTest" tests="4" time="0.152" timestamp="2013-12-11T14:12:26">
  <properties>
[...]
</properties>
  <testcase classname="msgtypeid.MsgTypeIdentifierWSTest" name="testIdentifyMsgTypeFromMDM" time="0.018">
    <failure message="Message should be found as &apos;from MDM&apos;." type="junit.framework.AssertionFailedError">junit.framework.AssertionFailedError: Message should be found as &apos;from MDM&apos;.
	at msgtypeid.MsgTypeIdentifierWSTest.testIdentifyMsgTypeFromMDM(MsgTypeIdentifierWSTest.java:60)
</failure>
  </testcase>
  <testcase classname="msgtypeid.MsgTypeIdentifierWSTest" name="testIdentifyMsgTypeFromEmpty" time="0.004">
    <failure message="Message should be found as &apos;from unknown&apos;." type="junit.framework.AssertionFailedError">junit.framework.AssertionFailedError: Message should be found as &apos;from unknown&apos;.
	at msgtypeid.MsgTypeIdentifierWSTest.testIdentifyMsgTypeFromEmpty(MsgTypeIdentifierWSTest.java:70)
</failure>
  </testcase>
  <testcase classname="msgtypeid.MsgTypeIdentifierWSTest" name="testIdentifyMsgTypeFromOther" time="0.004">
    <failure message="Message should be found as &apos;from unknown&apos;." type="junit.framework.AssertionFailedError">junit.framework.AssertionFailedError: Message should be found as &apos;from unknown&apos;.
	at msgtypeid.MsgTypeIdentifierWSTest.testIdentifyMsgTypeFromOther(MsgTypeIdentifierWSTest.java:80)
</failure>
  </testcase>
  <testcase classname="msgtypeid.MsgTypeIdentifierWSTest" name="testIdentifyMsgTypeFromDQM" time="0.005">
    <failure message="Message should be found as &apos;from DQM&apos;." type="junit.framework.AssertionFailedError">junit.framework.AssertionFailedError: Message should be found as &apos;from DQM&apos;.
	at msgtypeid.MsgTypeIdentifierWSTest.testIdentifyMsgTypeFromDQM(MsgTypeIdentifierWSTest.java:50)
</failure>
  </testcase>
  <system-out><![CDATA[identifyMsgType from MDM
identifyMsgType from Empty
identifyMsgType from Other
identifyMsgType from DQM
]]></system-out>
  <system-err><![CDATA[]]></system-err>
</testsuite>
